[0.073s] DEBUG:colcon:Command line arguments: ['/usr/bin/colcon', 'list', '-p', '--base-paths', '/home/andrei-dragomir/Documents/GitHub/imu-vision-fusion']
[0.073s] DEBUG:colcon:Parsed command line arguments: Namespace(log_base=None, log_level=None, verb_name='list', build_base='build', ignore_user_meta=False, metas=['./colcon.meta'], base_paths=['/home/andrei-dragomir/Documents/GitHub/imu-vision-fusion'], packages_ignore=None, packages_ignore_regex=None, paths=None, packages_up_to=None, packages_up_to_regex=None, packages_above=None, packages_above_and_dependencies=None, packages_above_depth=None, packages_select_by_dep=None, packages_skip_by_dep=None, packages_skip_up_to=None, packages_select_build_failed=False, packages_skip_build_finished=False, packages_select_test_failures=False, packages_skip_test_passed=False, packages_select=None, packages_skip=None, packages_select_regex=None, packages_skip_regex=None, packages_start=None, packages_end=None, allow_overriding=[], topological_order=False, names_only=False, paths_only=True, topological_graph=False, topological_graph_dot=False, topological_graph_density=False, topological_graph_legend=False, topological_graph_dot_cluster=False, topological_graph_dot_include_skipped=False, verb_parser=<colcon_defaults.argument_parser.defaults.DefaultArgumentsDecorator object at 0x7863aaf92120>, verb_extension=<colcon_package_information.verb.list.ListVerb object at 0x7863ab0b96d0>, main=<bound method ListVerb.main of <colcon_package_information.verb.list.ListVerb object at 0x7863ab0b96d0>>)
[0.103s] Level 1:colcon.colcon_core.package_discovery:discover_packages(colcon_meta) check parameters
[0.103s] Level 1:colcon.colcon_core.package_discovery:discover_packages(recursive) check parameters
[0.103s] Level 1:colcon.colcon_core.package_discovery:discover_packages(ignore) check parameters
[0.103s] Level 1:colcon.colcon_core.package_discovery:discover_packages(path) check parameters
[0.103s] Level 1:colcon.colcon_core.package_discovery:discover_packages(recursive) discover
[0.104s] INFO:colcon.colcon_core.package_discovery:Crawling recursively for packages in '/home/andrei-dragomir/Documents/GitHub/imu-vision-fusion'
[0.104s] Level 1:colcon.colcon_core.package_identification:_identify(/home/andrei-dragomir/Documents/GitHub/imu-vision-fusion) by extensions ['ignore', 'ignore_ament_install']
[0.104s] Level 1:colcon.colcon_core.package_identification:_identify(/home/andrei-dragomir/Documents/GitHub/imu-vision-fusion) by extension 'ignore'
[0.104s] Level 1:colcon.colcon_core.package_identification:_identify(/home/andrei-dragomir/Documents/GitHub/imu-vision-fusion) by extension 'ignore_ament_install'
[0.104s] Level 1:colcon.colcon_core.package_identification:_identify(/home/andrei-dragomir/Documents/GitHub/imu-vision-fusion) by extensions ['colcon_pkg']
[0.104s] Level 1:colcon.colcon_core.package_identification:_identify(/home/andrei-dragomir/Documents/GitHub/imu-vision-fusion) by extension 'colcon_pkg'
[0.104s] Level 1:colcon.colcon_core.package_identification:_identify(/home/andrei-dragomir/Documents/GitHub/imu-vision-fusion) by extensions ['colcon_meta']
[0.104s] Level 1:colcon.colcon_core.package_identification:_identify(/home/andrei-dragomir/Documents/GitHub/imu-vision-fusion) by extension 'colcon_meta'
[0.104s] Level 1:colcon.colcon_core.package_identification:_identify(/home/andrei-dragomir/Documents/GitHub/imu-vision-fusion) by extensions ['ros']
[0.104s] Level 1:colcon.colcon_core.package_identification:_identify(/home/andrei-dragomir/Documents/GitHub/imu-vision-fusion) by extension 'ros'
[0.123s] Level 1:colcon.colcon_core.package_identification:_identify(/home/andrei-dragomir/Documents/GitHub/imu-vision-fusion) by extensions ['cmake', 'python']
[0.124s] Level 1:colcon.colcon_core.package_identification:_identify(/home/andrei-dragomir/Documents/GitHub/imu-vision-fusion) by extension 'cmake'
[0.124s] Level 1:colcon.colcon_core.package_identification:_identify(/home/andrei-dragomir/Documents/GitHub/imu-vision-fusion) by extension 'python'
[0.124s] Level 1:colcon.colcon_core.package_identification:_identify(/home/andrei-dragomir/Documents/GitHub/imu-vision-fusion) by extensions ['python_setup_py']
[0.124s] Level 1:colcon.colcon_core.package_identification:_identify(/home/andrei-dragomir/Documents/GitHub/imu-vision-fusion) by extension 'python_setup_py'
[0.124s] Level 1:colcon.colcon_core.package_identification:_identify(/home/andrei-dragomir/Documents/GitHub/imu-vision-fusion/log) by extensions ['ignore', 'ignore_ament_install']
[0.124s] Level 1:colcon.colcon_core.package_identification:_identify(/home/andrei-dragomir/Documents/GitHub/imu-vision-fusion/log) by extension 'ignore'
[0.124s] Level 1:colcon.colcon_core.package_identification:_identify(/home/andrei-dragomir/Documents/GitHub/imu-vision-fusion/log) ignored
[0.124s] Level 1:colcon.colcon_core.package_identification:_identify(/home/andrei-dragomir/Documents/GitHub/imu-vision-fusion/src) by extensions ['ignore', 'ignore_ament_install']
[0.124s] Level 1:colcon.colcon_core.package_identification:_identify(/home/andrei-dragomir/Documents/GitHub/imu-vision-fusion/src) by extension 'ignore'
[0.124s] Level 1:colcon.colcon_core.package_identification:_identify(/home/andrei-dragomir/Documents/GitHub/imu-vision-fusion/src) by extension 'ignore_ament_install'
[0.124s] Level 1:colcon.colcon_core.package_identification:_identify(/home/andrei-dragomir/Documents/GitHub/imu-vision-fusion/src) by extensions ['colcon_pkg']
[0.124s] Level 1:colcon.colcon_core.package_identification:_identify(/home/andrei-dragomir/Documents/GitHub/imu-vision-fusion/src) by extension 'colcon_pkg'
[0.124s] Level 1:colcon.colcon_core.package_identification:_identify(/home/andrei-dragomir/Documents/GitHub/imu-vision-fusion/src) by extensions ['colcon_meta']
[0.124s] Level 1:colcon.colcon_core.package_identification:_identify(/home/andrei-dragomir/Documents/GitHub/imu-vision-fusion/src) by extension 'colcon_meta'
[0.124s] Level 1:colcon.colcon_core.package_identification:_identify(/home/andrei-dragomir/Documents/GitHub/imu-vision-fusion/src) by extensions ['ros']
[0.124s] Level 1:colcon.colcon_core.package_identification:_identify(/home/andrei-dragomir/Documents/GitHub/imu-vision-fusion/src) by extension 'ros'
[0.124s] Level 1:colcon.colcon_core.package_identification:_identify(/home/andrei-dragomir/Documents/GitHub/imu-vision-fusion/src) by extensions ['cmake', 'python']
[0.124s] Level 1:colcon.colcon_core.package_identification:_identify(/home/andrei-dragomir/Documents/GitHub/imu-vision-fusion/src) by extension 'cmake'
[0.124s] Level 1:colcon.colcon_core.package_identification:_identify(/home/andrei-dragomir/Documents/GitHub/imu-vision-fusion/src) by extension 'python'
[0.124s] Level 1:colcon.colcon_core.package_identification:_identify(/home/andrei-dragomir/Documents/GitHub/imu-vision-fusion/src) by extensions ['python_setup_py']
[0.124s] Level 1:colcon.colcon_core.package_identification:_identify(/home/andrei-dragomir/Documents/GitHub/imu-vision-fusion/src) by extension 'python_setup_py'
[0.124s] Level 1:colcon.colcon_core.package_identification:_identify(/home/andrei-dragomir/Documents/GitHub/imu-vision-fusion/src/imu_vision_fusion_bringup) by extensions ['ignore', 'ignore_ament_install']
[0.125s] Level 1:colcon.colcon_core.package_identification:_identify(/home/andrei-dragomir/Documents/GitHub/imu-vision-fusion/src/imu_vision_fusion_bringup) by extension 'ignore'
[0.125s] Level 1:colcon.colcon_core.package_identification:_identify(/home/andrei-dragomir/Documents/GitHub/imu-vision-fusion/src/imu_vision_fusion_bringup) by extension 'ignore_ament_install'
[0.125s] Level 1:colcon.colcon_core.package_identification:_identify(/home/andrei-dragomir/Documents/GitHub/imu-vision-fusion/src/imu_vision_fusion_bringup) by extensions ['colcon_pkg']
[0.125s] Level 1:colcon.colcon_core.package_identification:_identify(/home/andrei-dragomir/Documents/GitHub/imu-vision-fusion/src/imu_vision_fusion_bringup) by extension 'colcon_pkg'
[0.125s] Level 1:colcon.colcon_core.package_identification:_identify(/home/andrei-dragomir/Documents/GitHub/imu-vision-fusion/src/imu_vision_fusion_bringup) by extensions ['colcon_meta']
[0.125s] Level 1:colcon.colcon_core.package_identification:_identify(/home/andrei-dragomir/Documents/GitHub/imu-vision-fusion/src/imu_vision_fusion_bringup) by extension 'colcon_meta'
[0.125s] Level 1:colcon.colcon_core.package_identification:_identify(/home/andrei-dragomir/Documents/GitHub/imu-vision-fusion/src/imu_vision_fusion_bringup) by extensions ['ros']
[0.125s] Level 1:colcon.colcon_core.package_identification:_identify(/home/andrei-dragomir/Documents/GitHub/imu-vision-fusion/src/imu_vision_fusion_bringup) by extension 'ros'
[0.127s] DEBUG:colcon.colcon_core.package_identification:Package '/home/andrei-dragomir/Documents/GitHub/imu-vision-fusion/src/imu_vision_fusion_bringup' with type 'ros.ament_cmake' and name 'imu_vision_fusion_bringup'
[0.127s] Level 1:colcon.colcon_core.package_discovery:discover_packages(recursive) using defaults
